/*C9*/SET SCHEMA PUBLIC
INSERT INTO RESTAURANT VALUES(100005,'restaurant 1')
ALTER SEQUENCE PUBLIC.GLOBAL_SEQ RESTART WITH 100006
COMMIT
INSERT INTO RESTAURANT VALUES(100006,'restaurant 2')
ALTER SEQUENCE PUBLIC.GLOBAL_SEQ RESTART WITH 100007
COMMIT
INSERT INTO RESTAURANT VALUES(100007,'restaurant 3')
ALTER SEQUENCE PUBLIC.GLOBAL_SEQ RESTART WITH 100008
COMMIT
INSERT INTO RESTAURANT VALUES(100008,'restaurant 4')
ALTER SEQUENCE PUBLIC.GLOBAL_SEQ RESTART WITH 100009
COMMIT
INSERT INTO MEAL VALUES(100009,100005,'meal',123,'2021-08-24 00:00:00.000000')
ALTER SEQUENCE PUBLIC.GLOBAL_SEQ RESTART WITH 100010
COMMIT
INSERT INTO MEAL VALUES(100010,100005,'meal',64,'2021-08-24 00:00:00.000000')
ALTER SEQUENCE PUBLIC.GLOBAL_SEQ RESTART WITH 100011
COMMIT
INSERT INTO MEAL VALUES(100011,100006,'meal',64,'2021-08-24 00:00:00.000000')
ALTER SEQUENCE PUBLIC.GLOBAL_SEQ RESTART WITH 100012
COMMIT
INSERT INTO MEAL VALUES(100012,100006,'meal',6464,'2021-08-24 00:00:00.000000')
ALTER SEQUENCE PUBLIC.GLOBAL_SEQ RESTART WITH 100013
COMMIT
INSERT INTO MEAL VALUES(100013,100008,'meal',6464,'2021-08-24 00:00:00.000000')
ALTER SEQUENCE PUBLIC.GLOBAL_SEQ RESTART WITH 100014
COMMIT
INSERT INTO VOTE VALUES(100014,100005,100001,'2021-08-24 00:00:00.000000')
ALTER SEQUENCE PUBLIC.GLOBAL_SEQ RESTART WITH 100015
COMMIT
INSERT INTO VOTE VALUES(100015,100005,100002,'2021-08-24 00:00:00.000000')
ALTER SEQUENCE PUBLIC.GLOBAL_SEQ RESTART WITH 100016
COMMIT
DELETE FROM VOTE WHERE ID=100015
INSERT INTO VOTE VALUES(100015,100008,100002,'2021-08-24 00:00:00.000000')
COMMIT
INSERT INTO VOTE VALUES(100016,100008,100003,'2021-08-24 00:00:00.000000')
ALTER SEQUENCE PUBLIC.GLOBAL_SEQ RESTART WITH 100017
COMMIT
DISCONNECT
/*C10*/SET SCHEMA PUBLIC
DISCONNECT
/*C11*/SET SCHEMA PUBLIC
DISCONNECT
/*C12*/SET SCHEMA PUBLIC
DISCONNECT
/*C13*/SET SCHEMA PUBLIC
DISCONNECT
