2021-08-15 00:10:21.254  INFO 1292 --- [SpringApplicationShutdownHook] j.LocalContainerEntityManagerFactoryBean : Closing JPA EntityManagerFactory for persistence unit 'default'
2021-08-15 00:10:21.344  INFO 1292 --- [SpringApplicationShutdownHook] com.zaxxer.hikari.HikariDataSource       : HikariPool-1 - Shutdown initiated...
2021-08-15 00:10:21.477  INFO 1292 --- [SpringApplicationShutdownHook] com.zaxxer.hikari.HikariDataSource       : HikariPool-1 - Shutdown completed.
2021-08-15 21:09:44.090  INFO 12864 --- [main] c.example.graduationproject.Application  : Starting Application using Java 1.8.0_302 on SergeiPC with PID 12864 (D:\Sergei\Programs\Java\Project\GraduationProject2.0\target\classes started by Sergei in D:\Sergei\Programs\Java\Project\GraduationProject2.0)
2021-08-15 21:09:44.093  INFO 12864 --- [main] c.example.graduationproject.Application  : No active profile set, falling back to default profiles: default
2021-08-15 21:09:45.021  INFO 12864 --- [main] .s.d.r.c.RepositoryConfigurationDelegate : Bootstrapping Spring Data JPA repositories in DEFAULT mode.
2021-08-15 21:09:45.086  INFO 12864 --- [main] .s.d.r.c.RepositoryConfigurationDelegate : Finished Spring Data repository scanning in 55 ms. Found 4 JPA repository interfaces.
2021-08-15 21:09:45.537  INFO 12864 --- [main] o.s.b.w.embedded.tomcat.TomcatWebServer  : Tomcat initialized with port(s): 8080 (http)
2021-08-15 21:09:45.546  INFO 12864 --- [main] o.apache.catalina.core.StandardService   : Starting service [Tomcat]
2021-08-15 21:09:45.546  INFO 12864 --- [main] org.apache.catalina.core.StandardEngine  : Starting Servlet engine: [Apache Tomcat/9.0.50]
2021-08-15 21:09:45.642  INFO 12864 --- [main] o.a.c.c.C.[Tomcat].[localhost].[/]       : Initializing Spring embedded WebApplicationContext
2021-08-15 21:09:45.643  INFO 12864 --- [main] w.s.c.ServletWebServerApplicationContext : Root WebApplicationContext: initialization completed in 1475 ms
2021-08-15 21:09:45.829  INFO 12864 --- [main] o.hibernate.jpa.internal.util.LogHelper  : HHH000204: Processing PersistenceUnitInfo [name: default]
2021-08-15 21:09:45.903  INFO 12864 --- [main] org.hibernate.Version                    : HHH000412: Hibernate ORM core version 5.4.32.Final
2021-08-15 21:09:46.089  INFO 12864 --- [main] o.hibernate.annotations.common.Version   : HCANN000001: Hibernate Commons Annotations {5.1.2.Final}
2021-08-15 21:09:46.237  INFO 12864 --- [main] com.zaxxer.hikari.HikariDataSource       : HikariPool-1 - Starting...
2021-08-15 21:09:46.518  INFO 12864 --- [main] hsqldb.db.HSQLDB7B2C4A3F5D.ENGINE        : checkpointClose start
2021-08-15 21:09:46.518  INFO 12864 --- [main] hsqldb.db.HSQLDB7B2C4A3F5D.ENGINE        : checkpointClose synched
2021-08-15 21:09:46.545  INFO 12864 --- [main] hsqldb.db.HSQLDB7B2C4A3F5D.ENGINE        : checkpointClose script done
2021-08-15 21:09:46.594  INFO 12864 --- [main] hsqldb.db.HSQLDB7B2C4A3F5D.ENGINE        : checkpointClose end
2021-08-15 21:09:46.600  INFO 12864 --- [main] com.zaxxer.hikari.pool.PoolBase          : HikariPool-1 - Driver does not support get/set network timeout for connections. (feature not supported)
2021-08-15 21:09:46.602  INFO 12864 --- [main] com.zaxxer.hikari.HikariDataSource       : HikariPool-1 - Start completed.
2021-08-15 21:09:46.628  INFO 12864 --- [main] org.hibernate.dialect.Dialect            : HHH000400: Using dialect: org.hibernate.dialect.HSQLDialect
2021-08-15 21:09:47.372  INFO 12864 --- [main] o.h.e.t.j.p.i.JtaPlatformInitiator       : HHH000490: Using JtaPlatform implementation: [org.hibernate.engine.transaction.jta.platform.internal.NoJtaPlatform]
2021-08-15 21:09:47.381  INFO 12864 --- [main] j.LocalContainerEntityManagerFactoryBean : Initialized JPA EntityManagerFactory for persistence unit 'default'
2021-08-15 21:09:47.848  WARN 12864 --- [main] JpaBaseConfiguration$JpaWebConfiguration : spring.jpa.open-in-view is enabled by default. Therefore, database queries may be performed during view rendering. Explicitly configure spring.jpa.open-in-view to disable this warning
2021-08-15 21:09:48.153  INFO 12864 --- [main] o.s.b.w.embedded.tomcat.TomcatWebServer  : Tomcat started on port(s): 8080 (http) with context path ''
2021-08-15 21:09:48.162  INFO 12864 --- [main] c.example.graduationproject.Application  : Started Application in 4.613 seconds (JVM running for 6.111)
2021-08-15 21:09:49.106  INFO 12864 --- [http-nio-8080-exec-3] o.a.c.c.C.[Tomcat].[localhost].[/]       : Initializing Spring DispatcherServlet 'dispatcherServlet'
2021-08-15 21:09:49.107  INFO 12864 --- [http-nio-8080-exec-3] o.s.web.servlet.DispatcherServlet        : Initializing Servlet 'dispatcherServlet'
2021-08-15 21:09:49.108  INFO 12864 --- [http-nio-8080-exec-3] o.s.web.servlet.DispatcherServlet        : Completed initialization in 1 ms
2021-08-15 21:09:54.993  INFO 12864 --- [SpringApplicationShutdownHook] j.LocalContainerEntityManagerFactoryBean : Closing JPA EntityManagerFactory for persistence unit 'default'
2021-08-15 21:09:54.997  INFO 12864 --- [SpringApplicationShutdownHook] com.zaxxer.hikari.HikariDataSource       : HikariPool-1 - Shutdown initiated...
2021-08-15 21:09:55.086  INFO 12864 --- [SpringApplicationShutdownHook] com.zaxxer.hikari.HikariDataSource       : HikariPool-1 - Shutdown completed.
2021-08-15 21:10:37.201  INFO 11204 --- [main] c.example.graduationproject.Application  : Starting Application using Java 1.8.0_302 on SergeiPC with PID 11204 (D:\Sergei\Programs\Java\Project\GraduationProject2.0\target\classes started by Sergei in D:\Sergei\Programs\Java\Project\GraduationProject2.0)
2021-08-15 21:10:37.204  INFO 11204 --- [main] c.example.graduationproject.Application  : No active profile set, falling back to default profiles: default
2021-08-15 21:10:37.851  INFO 11204 --- [main] .s.d.r.c.RepositoryConfigurationDelegate : Bootstrapping Spring Data JPA repositories in DEFAULT mode.
2021-08-15 21:10:37.906  INFO 11204 --- [main] .s.d.r.c.RepositoryConfigurationDelegate : Finished Spring Data repository scanning in 46 ms. Found 4 JPA repository interfaces.
2021-08-15 21:10:38.250  INFO 11204 --- [main] o.s.b.w.embedded.tomcat.TomcatWebServer  : Tomcat initialized with port(s): 8080 (http)
2021-08-15 21:10:38.256  INFO 11204 --- [main] o.apache.catalina.core.StandardService   : Starting service [Tomcat]
2021-08-15 21:10:38.257  INFO 11204 --- [main] org.apache.catalina.core.StandardEngine  : Starting Servlet engine: [Apache Tomcat/9.0.50]
2021-08-15 21:10:38.313  INFO 11204 --- [main] o.a.c.c.C.[Tomcat].[localhost].[/]       : Initializing Spring embedded WebApplicationContext
2021-08-15 21:10:38.313  INFO 11204 --- [main] w.s.c.ServletWebServerApplicationContext : Root WebApplicationContext: initialization completed in 1062 ms
2021-08-15 21:10:38.430  INFO 11204 --- [main] o.hibernate.jpa.internal.util.LogHelper  : HHH000204: Processing PersistenceUnitInfo [name: default]
2021-08-15 21:10:38.466  INFO 11204 --- [main] org.hibernate.Version                    : HHH000412: Hibernate ORM core version 5.4.32.Final
2021-08-15 21:10:38.571  INFO 11204 --- [main] o.hibernate.annotations.common.Version   : HCANN000001: Hibernate Commons Annotations {5.1.2.Final}
2021-08-15 21:10:38.641  INFO 11204 --- [main] com.zaxxer.hikari.HikariDataSource       : HikariPool-1 - Starting...
2021-08-15 21:10:38.820  INFO 11204 --- [main] hsqldb.db.HSQLDB7B2C4A3F5D.ENGINE        : checkpointClose start
2021-08-15 21:10:38.821  INFO 11204 --- [main] hsqldb.db.HSQLDB7B2C4A3F5D.ENGINE        : checkpointClose synched
2021-08-15 21:10:38.844  INFO 11204 --- [main] hsqldb.db.HSQLDB7B2C4A3F5D.ENGINE        : checkpointClose script done
2021-08-15 21:10:38.901  INFO 11204 --- [main] hsqldb.db.HSQLDB7B2C4A3F5D.ENGINE        : checkpointClose end
2021-08-15 21:10:38.905  INFO 11204 --- [main] com.zaxxer.hikari.pool.PoolBase          : HikariPool-1 - Driver does not support get/set network timeout for connections. (feature not supported)
2021-08-15 21:10:38.907  INFO 11204 --- [main] com.zaxxer.hikari.HikariDataSource       : HikariPool-1 - Start completed.
2021-08-15 21:10:38.923  INFO 11204 --- [main] org.hibernate.dialect.Dialect            : HHH000400: Using dialect: org.hibernate.dialect.HSQLDialect
2021-08-15 21:10:39.422  INFO 11204 --- [main] o.h.e.t.j.p.i.JtaPlatformInitiator       : HHH000490: Using JtaPlatform implementation: [org.hibernate.engine.transaction.jta.platform.internal.NoJtaPlatform]
2021-08-15 21:10:39.430  INFO 11204 --- [main] j.LocalContainerEntityManagerFactoryBean : Initialized JPA EntityManagerFactory for persistence unit 'default'
2021-08-15 21:10:39.780  WARN 11204 --- [main] JpaBaseConfiguration$JpaWebConfiguration : spring.jpa.open-in-view is enabled by default. Therefore, database queries may be performed during view rendering. Explicitly configure spring.jpa.open-in-view to disable this warning
2021-08-15 21:10:40.023  INFO 11204 --- [main] o.s.b.w.embedded.tomcat.TomcatWebServer  : Tomcat started on port(s): 8080 (http) with context path ''
2021-08-15 21:10:40.033  INFO 11204 --- [main] c.example.graduationproject.Application  : Started Application in 3.181 seconds (JVM running for 4.07)
2021-08-15 21:12:00.759  INFO 11204 --- [http-nio-8080-exec-2] o.a.c.c.C.[Tomcat].[localhost].[/]       : Initializing Spring DispatcherServlet 'dispatcherServlet'
2021-08-15 21:12:00.759  INFO 11204 --- [http-nio-8080-exec-2] o.s.web.servlet.DispatcherServlet        : Initializing Servlet 'dispatcherServlet'
2021-08-15 21:12:00.760  INFO 11204 --- [http-nio-8080-exec-2] o.s.web.servlet.DispatcherServlet        : Completed initialization in 1 ms
2021-08-15 21:52:11.476  INFO 11204 --- [SpringApplicationShutdownHook] j.LocalContainerEntityManagerFactoryBean : Closing JPA EntityManagerFactory for persistence unit 'default'
2021-08-15 21:52:11.478  INFO 11204 --- [SpringApplicationShutdownHook] com.zaxxer.hikari.HikariDataSource       : HikariPool-1 - Shutdown initiated...
2021-08-15 21:52:11.511  INFO 11204 --- [SpringApplicationShutdownHook] com.zaxxer.hikari.HikariDataSource       : HikariPool-1 - Shutdown completed.
2021-08-15 21:52:17.048  INFO 2036 --- [main] c.example.graduationproject.Application  : Starting Application using Java 1.8.0_302 on SergeiPC with PID 2036 (D:\Sergei\Programs\Java\Project\GraduationProject2.0\target\classes started by Sergei in D:\Sergei\Programs\Java\Project\GraduationProject2.0)
2021-08-15 21:52:17.048  INFO 2036 --- [main] c.example.graduationproject.Application  : No active profile set, falling back to default profiles: default
2021-08-15 21:52:17.707  INFO 2036 --- [main] .s.d.r.c.RepositoryConfigurationDelegate : Bootstrapping Spring Data JPA repositories in DEFAULT mode.
2021-08-15 21:52:17.763  INFO 2036 --- [main] .s.d.r.c.RepositoryConfigurationDelegate : Finished Spring Data repository scanning in 48 ms. Found 4 JPA repository interfaces.
2021-08-15 21:52:18.106  INFO 2036 --- [main] o.s.b.w.embedded.tomcat.TomcatWebServer  : Tomcat initialized with port(s): 8080 (http)
2021-08-15 21:52:18.115  INFO 2036 --- [main] o.apache.catalina.core.StandardService   : Starting service [Tomcat]
2021-08-15 21:52:18.115  INFO 2036 --- [main] org.apache.catalina.core.StandardEngine  : Starting Servlet engine: [Apache Tomcat/9.0.50]
2021-08-15 21:52:18.188  INFO 2036 --- [main] o.a.c.c.C.[Tomcat].[localhost].[/]       : Initializing Spring embedded WebApplicationContext
2021-08-15 21:52:18.189  INFO 2036 --- [main] w.s.c.ServletWebServerApplicationContext : Root WebApplicationContext: initialization completed in 1094 ms
2021-08-15 21:52:18.314  INFO 2036 --- [main] o.hibernate.jpa.internal.util.LogHelper  : HHH000204: Processing PersistenceUnitInfo [name: default]
2021-08-15 21:52:18.351  INFO 2036 --- [main] org.hibernate.Version                    : HHH000412: Hibernate ORM core version 5.4.32.Final
2021-08-15 21:52:18.448  INFO 2036 --- [main] o.hibernate.annotations.common.Version   : HCANN000001: Hibernate Commons Annotations {5.1.2.Final}
2021-08-15 21:52:18.524  INFO 2036 --- [main] com.zaxxer.hikari.HikariDataSource       : HikariPool-1 - Starting...
2021-08-15 21:52:19.744  INFO 2036 --- [main] hsqldb.db.HSQLDB7B2C4A3F5D.ENGINE        : checkpointClose start
2021-08-15 21:52:19.745  INFO 2036 --- [main] hsqldb.db.HSQLDB7B2C4A3F5D.ENGINE        : checkpointClose synched
2021-08-15 21:52:19.769  INFO 2036 --- [main] hsqldb.db.HSQLDB7B2C4A3F5D.ENGINE        : checkpointClose script done
2021-08-15 21:52:19.820  INFO 2036 --- [main] hsqldb.db.HSQLDB7B2C4A3F5D.ENGINE        : checkpointClose end
2021-08-15 21:52:19.824  INFO 2036 --- [main] com.zaxxer.hikari.pool.PoolBase          : HikariPool-1 - Driver does not support get/set network timeout for connections. (feature not supported)
2021-08-15 21:52:19.826  INFO 2036 --- [main] com.zaxxer.hikari.HikariDataSource       : HikariPool-1 - Start completed.
2021-08-15 21:52:19.842  INFO 2036 --- [main] org.hibernate.dialect.Dialect            : HHH000400: Using dialect: org.hibernate.dialect.HSQLDialect
2021-08-15 21:52:20.319  INFO 2036 --- [main] o.h.e.t.j.p.i.JtaPlatformInitiator       : HHH000490: Using JtaPlatform implementation: [org.hibernate.engine.transaction.jta.platform.internal.NoJtaPlatform]
2021-08-15 21:52:20.327  INFO 2036 --- [main] j.LocalContainerEntityManagerFactoryBean : Initialized JPA EntityManagerFactory for persistence unit 'default'
2021-08-15 21:52:20.685  WARN 2036 --- [main] JpaBaseConfiguration$JpaWebConfiguration : spring.jpa.open-in-view is enabled by default. Therefore, database queries may be performed during view rendering. Explicitly configure spring.jpa.open-in-view to disable this warning
2021-08-15 21:52:20.935  INFO 2036 --- [main] o.s.b.w.embedded.tomcat.TomcatWebServer  : Tomcat started on port(s): 8080 (http) with context path ''
2021-08-15 21:52:20.942  INFO 2036 --- [main] c.example.graduationproject.Application  : Started Application in 4.274 seconds (JVM running for 5.025)
2021-08-15 21:52:26.162  INFO 2036 --- [http-nio-8080-exec-2] o.a.c.c.C.[Tomcat].[localhost].[/]       : Initializing Spring DispatcherServlet 'dispatcherServlet'
2021-08-15 21:52:26.162  INFO 2036 --- [http-nio-8080-exec-2] o.s.web.servlet.DispatcherServlet        : Initializing Servlet 'dispatcherServlet'
2021-08-15 21:52:26.163  INFO 2036 --- [http-nio-8080-exec-2] o.s.web.servlet.DispatcherServlet        : Completed initialization in 1 ms
2021-08-15 21:53:05.664  INFO 2036 --- [SpringApplicationShutdownHook] j.LocalContainerEntityManagerFactoryBean : Closing JPA EntityManagerFactory for persistence unit 'default'
2021-08-15 21:53:05.665  INFO 2036 --- [SpringApplicationShutdownHook] com.zaxxer.hikari.HikariDataSource       : HikariPool-1 - Shutdown initiated...
2021-08-15 21:53:05.871  INFO 2036 --- [SpringApplicationShutdownHook] com.zaxxer.hikari.HikariDataSource       : HikariPool-1 - Shutdown completed.
2021-08-15 21:53:11.220  INFO 5212 --- [main] c.example.graduationproject.Application  : Starting Application using Java 1.8.0_302 on SergeiPC with PID 5212 (D:\Sergei\Programs\Java\Project\GraduationProject2.0\target\classes started by Sergei in D:\Sergei\Programs\Java\Project\GraduationProject2.0)
2021-08-15 21:53:11.223  INFO 5212 --- [main] c.example.graduationproject.Application  : No active profile set, falling back to default profiles: default
2021-08-15 21:53:11.772  INFO 5212 --- [main] .s.d.r.c.RepositoryConfigurationDelegate : Bootstrapping Spring Data JPA repositories in DEFAULT mode.
2021-08-15 21:53:11.823  INFO 5212 --- [main] .s.d.r.c.RepositoryConfigurationDelegate : Finished Spring Data repository scanning in 43 ms. Found 4 JPA repository interfaces.
2021-08-15 21:53:12.167  INFO 5212 --- [main] o.s.b.w.embedded.tomcat.TomcatWebServer  : Tomcat initialized with port(s): 8080 (http)
2021-08-15 21:53:12.173  INFO 5212 --- [main] o.apache.catalina.core.StandardService   : Starting service [Tomcat]
2021-08-15 21:53:12.173  INFO 5212 --- [main] org.apache.catalina.core.StandardEngine  : Starting Servlet engine: [Apache Tomcat/9.0.50]
2021-08-15 21:53:12.230  INFO 5212 --- [main] o.a.c.c.C.[Tomcat].[localhost].[/]       : Initializing Spring embedded WebApplicationContext
2021-08-15 21:53:12.230  INFO 5212 --- [main] w.s.c.ServletWebServerApplicationContext : Root WebApplicationContext: initialization completed in 968 ms
2021-08-15 21:53:12.348  INFO 5212 --- [main] o.hibernate.jpa.internal.util.LogHelper  : HHH000204: Processing PersistenceUnitInfo [name: default]
2021-08-15 21:53:12.385  INFO 5212 --- [main] org.hibernate.Version                    : HHH000412: Hibernate ORM core version 5.4.32.Final
2021-08-15 21:53:12.483  INFO 5212 --- [main] o.hibernate.annotations.common.Version   : HCANN000001: Hibernate Commons Annotations {5.1.2.Final}
2021-08-15 21:53:12.553  INFO 5212 --- [main] com.zaxxer.hikari.HikariDataSource       : HikariPool-1 - Starting...
2021-08-15 21:53:12.738  INFO 5212 --- [main] hsqldb.db.HSQLDB7B2C4A3F5D.ENGINE        : checkpointClose start
2021-08-15 21:53:12.739  INFO 5212 --- [main] hsqldb.db.HSQLDB7B2C4A3F5D.ENGINE        : checkpointClose synched
2021-08-15 21:53:12.777  INFO 5212 --- [main] hsqldb.db.HSQLDB7B2C4A3F5D.ENGINE        : checkpointClose script done
2021-08-15 21:53:12.827  INFO 5212 --- [main] hsqldb.db.HSQLDB7B2C4A3F5D.ENGINE        : checkpointClose end
2021-08-15 21:53:12.831  INFO 5212 --- [main] com.zaxxer.hikari.pool.PoolBase          : HikariPool-1 - Driver does not support get/set network timeout for connections. (feature not supported)
2021-08-15 21:53:12.833  INFO 5212 --- [main] com.zaxxer.hikari.HikariDataSource       : HikariPool-1 - Start completed.
2021-08-15 21:53:12.849  INFO 5212 --- [main] org.hibernate.dialect.Dialect            : HHH000400: Using dialect: org.hibernate.dialect.HSQLDialect
2021-08-15 21:53:13.329  INFO 5212 --- [main] o.h.e.t.j.p.i.JtaPlatformInitiator       : HHH000490: Using JtaPlatform implementation: [org.hibernate.engine.transaction.jta.platform.internal.NoJtaPlatform]
2021-08-15 21:53:13.337  INFO 5212 --- [main] j.LocalContainerEntityManagerFactoryBean : Initialized JPA EntityManagerFactory for persistence unit 'default'
2021-08-15 21:53:13.698  WARN 5212 --- [main] JpaBaseConfiguration$JpaWebConfiguration : spring.jpa.open-in-view is enabled by default. Therefore, database queries may be performed during view rendering. Explicitly configure spring.jpa.open-in-view to disable this warning
2021-08-15 21:53:13.930  INFO 5212 --- [main] o.s.b.w.embedded.tomcat.TomcatWebServer  : Tomcat started on port(s): 8080 (http) with context path ''
2021-08-15 21:53:13.937  INFO 5212 --- [main] c.example.graduationproject.Application  : Started Application in 3.098 seconds (JVM running for 3.868)
2021-08-15 21:53:16.877  INFO 5212 --- [http-nio-8080-exec-1] o.a.c.c.C.[Tomcat].[localhost].[/]       : Initializing Spring DispatcherServlet 'dispatcherServlet'
2021-08-15 21:53:16.878  INFO 5212 --- [http-nio-8080-exec-1] o.s.web.servlet.DispatcherServlet        : Initializing Servlet 'dispatcherServlet'
2021-08-15 21:53:16.878  INFO 5212 --- [http-nio-8080-exec-1] o.s.web.servlet.DispatcherServlet        : Completed initialization in 0 ms
2021-08-15 21:54:34.535  INFO 5212 --- [SpringApplicationShutdownHook] j.LocalContainerEntityManagerFactoryBean : Closing JPA EntityManagerFactory for persistence unit 'default'
2021-08-15 21:54:34.537  INFO 5212 --- [SpringApplicationShutdownHook] com.zaxxer.hikari.HikariDataSource       : HikariPool-1 - Shutdown initiated...
2021-08-15 21:54:34.593  INFO 5212 --- [SpringApplicationShutdownHook] com.zaxxer.hikari.HikariDataSource       : HikariPool-1 - Shutdown completed.
